kill: usage: kill [-s sigspec | -n signum | -sigspec] pid | jobspec ... or kill -l [sigspec]
/Users/alpha/bitwork/scripts/telegram/auto.airdrop.py:51: TelegramDeprecationWarning: Old Handler API is deprecated - see https://git.io/fxJuV for details
  updater = Updater(TOKEN, request_kwargs=REQUEST_KWARGS)
Traceback (most recent call last):
  File "/Users/alpha/bitwork/scripts/telegram/auto.airdrop.py", line 76, in <module>
    main()
  File "/Users/alpha/bitwork/scripts/telegram/auto.airdrop.py", line 67, in main
    airdrop(bot)
  File "/Users/alpha/bitwork/scripts/telegram/auto.airdrop.py", line 30, in airdrop
    for update in bot.get_updates(offset=update_id, timeout=10):
  File "<decorator-gen-31>", line 2, in get_updates
  File "/Library/Frameworks/Python.framework/Versions/3.8/lib/python3.8/site-packages/telegram/bot.py", line 70, in decorator
    result = func(*args, **kwargs)
  File "/Library/Frameworks/Python.framework/Versions/3.8/lib/python3.8/site-packages/telegram/bot.py", line 2136, in get_updates
    result = self._request.post(url, data, timeout=float(read_latency) + float(timeout))
  File "/Library/Frameworks/Python.framework/Versions/3.8/lib/python3.8/site-packages/telegram/utils/request.py", line 331, in post
    result = self._request_wrapper('POST', url,
  File "/Library/Frameworks/Python.framework/Versions/3.8/lib/python3.8/site-packages/telegram/utils/request.py", line 249, in _request_wrapper
    raise Conflict(message)
telegram.error.Conflict: Conflict: terminated by other getUpdates request; make sure that only one bot instance is running
